e:\c++程序\2048\crazy2048\crazy2048\debug\crazy2048.pch
e:\c++程序\2048\crazy2048\crazy2048\debug\vc120.pdb
e:\c++程序\2048\crazy2048\crazy2048\debug\stdafx.obj
e:\c++程序\2048\crazy2048\crazy2048\debug\assemblyinfo.obj
e:\c++程序\2048\crazy2048\crazy2048\debug\.netframework,version=v4.5.assemblyattributes.obj
e:\c++程序\2048\crazy2048\crazy2048\debug\creatblock.obj
e:\c++程序\2048\crazy2048\crazy2048\debug\crazy2048.obj
e:\c++程序\2048\crazy2048\crazy2048\debug\crazy2048.form1.resources
e:\c++程序\2048\crazy2048\crazy2048\debug\crazy2048.creatblock.resources
e:\c++程序\2048\crazy2048\debug\crazy2048.exe
e:\c++程序\2048\crazy2048\debug\crazy2048.pdb
e:\c++程序\2048\crazy2048\crazy2048\debug\app.res
e:\c++程序\2048\crazy2048\crazy2048\debug\crazy2048.vcxproj.generateresource.cache
e:\c++程序\2048\crazy2048\crazy2048\debug\crazy2048.vcxprojresolveassemblyreference.cache
e:\c++程序\2048\crazy2048\crazy2048\debug\crazy2048.tlog\cl.command.1.tlog
e:\c++程序\2048\crazy2048\crazy2048\debug\crazy2048.tlog\cl.read.1.tlog
e:\c++程序\2048\crazy2048\crazy2048\debug\crazy2048.tlog\cl.write.1.tlog
e:\c++程序\2048\crazy2048\crazy2048\debug\crazy2048.tlog\crazy2048.write.1u.tlog
e:\c++程序\2048\crazy2048\crazy2048\debug\crazy2048.tlog\link.command.1.tlog
e:\c++程序\2048\crazy2048\crazy2048\debug\crazy2048.tlog\link.read.1.tlog
e:\c++程序\2048\crazy2048\crazy2048\debug\crazy2048.tlog\link.write.1.tlog
e:\c++程序\2048\crazy2048\crazy2048\debug\crazy2048.tlog\metagen.read.1.tlog
e:\c++程序\2048\crazy2048\crazy2048\debug\crazy2048.tlog\metagen.write.1.tlog
e:\c++程序\2048\crazy2048\crazy2048\debug\crazy2048.tlog\rc.command.1.tlog
e:\c++程序\2048\crazy2048\crazy2048\debug\crazy2048.tlog\rc.read.1.tlog
e:\c++程序\2048\crazy2048\crazy2048\debug\crazy2048.tlog\rc.write.1.tlog
e:\c++程序\2048\crazy2048\crazy2048\debug\crazy2048.tlog\tzres.dll.bi
